/////////////////////////////////////////////////
Thu Mar  3 15:18:29 MST 2022
qrid 12 registred to room 123
/////////////////////////////////////////////////
/////////////////////////////////////////////////
Thu Mar  3 15:19:06 MST 2022
jack registered with phid 1154005862213eda74148
/////////////////////////////////////////////////
/////////////////////////////////////////////////
Thu Mar  3 15:19:06 MST 2022
jack gendill 20004120 jgendill@cherrycreekschools.org

Departed 123
/////////////////////////////////////////////////
/////////////////////////////////////////////////
Thu Mar  3 15:20:33 MST 2022
jack gendill 20004120 jgendill@cherrycreekschools.org

Arrived 123
/////////////////////////////////////////////////
/////////////////////////////////////////////////
Thu Mar  3 15:23:38 MST 2022
jack gendill 20004120 jgendill@cherrycreekschools.org

Arrived 123
/////////////////////////////////////////////////
/////////////////////////////////////////////////
Thu Mar  3 15:23:43 MST 2022
jack gendill 20004120 jgendill@cherrycreekschools.org

Departed 123
/////////////////////////////////////////////////
